c:\users\x220\documents\visual studio 2013\projects\lia\lia\debug\vc120.pdb
c:\users\x220\documents\visual studio 2013\projects\lia\lia\debug\moc_uploadimagedialog.obj
c:\users\x220\documents\visual studio 2013\projects\lia\lia\debug\moc_projectview.obj
c:\users\x220\documents\visual studio 2013\projects\lia\lia\debug\moc_newprojectdialog.obj
c:\users\x220\documents\visual studio 2013\projects\lia\lia\debug\moc_newfolderdialog.obj
c:\users\x220\documents\visual studio 2013\projects\lia\lia\debug\moc_mainwindow.obj
c:\users\x220\documents\visual studio 2013\projects\lia\lia\debug\moc_importprojectdialog.obj
c:\users\x220\documents\visual studio 2013\projects\lia\lia\debug\moc_imageview.obj
c:\users\x220\documents\visual studio 2013\projects\lia\lia\debug\moc_homeview.obj
c:\users\x220\documents\visual studio 2013\projects\lia\lia\debug\moc_folderview.obj
c:\users\x220\documents\visual studio 2013\projects\lia\lia\debug\moc_abstractview.obj
c:\users\x220\documents\visual studio 2013\projects\lia\lia\debug\folderview.obj
c:\users\x220\documents\visual studio 2013\projects\lia\lia\debug\folder.obj
c:\users\x220\documents\visual studio 2013\projects\lia\lia\debug\filemanager.obj
c:\users\x220\documents\visual studio 2013\projects\lia\lia\debug\fibrosisprocessor.obj
c:\users\x220\documents\visual studio 2013\projects\lia\lia\debug\fibrosisfeatures.obj
c:\users\x220\documents\visual studio 2013\projects\lia\lia\debug\fibrosisdata.obj
c:\users\x220\documents\visual studio 2013\projects\lia\lia\debug\fatprocessor.obj
c:\users\x220\documents\visual studio 2013\projects\lia\lia\debug\fatdata.obj
c:\users\x220\documents\visual studio 2013\projects\lia\lia\debug\dataimage.obj
c:\users\x220\documents\visual studio 2013\projects\lia\lia\debug\abstractview.obj
c:\users\x220\documents\visual studio 2013\projects\lia\lia\debug\uploadimagedialog.obj
c:\users\x220\documents\visual studio 2013\projects\lia\lia\debug\test.obj
c:\users\x220\documents\visual studio 2013\projects\lia\lia\debug\projectview.obj
c:\users\x220\documents\visual studio 2013\projects\lia\lia\debug\project.obj
c:\users\x220\documents\visual studio 2013\projects\lia\lia\debug\newprojectdialog.obj
c:\users\x220\documents\visual studio 2013\projects\lia\lia\debug\newfolderdialog.obj
c:\users\x220\documents\visual studio 2013\projects\lia\lia\debug\manager.obj
c:\users\x220\documents\visual studio 2013\projects\lia\lia\debug\mainwindow.obj
c:\users\x220\documents\visual studio 2013\projects\lia\lia\debug\main.obj
c:\users\x220\documents\visual studio 2013\projects\lia\lia\debug\importprojectdialog.obj
c:\users\x220\documents\visual studio 2013\projects\lia\lia\debug\imageview.obj
c:\users\x220\documents\visual studio 2013\projects\lia\lia\debug\imagehelper.obj
c:\users\x220\documents\visual studio 2013\projects\lia\lia\debug\homeview.obj
c:\users\x220\documents\visual studio 2013\projects\lia\lia\debug\fatoption.obj
c:\users\x220\documents\visual studio 2013\projects\lia\lia\debug\imagemode.obj
c:\users\x220\documents\visual studio 2013\projects\lia\lia\debug\editablemode.obj
c:\users\x220\documents\visual studio 2013\projects\lia\lia\debug\processedmode.obj
c:\users\x220\documents\visual studio 2013\projects\lia\lia\debug\originalmode.obj
c:\users\x220\documents\visual studio 2013\projects\lia\lia\debug\qrc_lia.obj
c:\users\x220\documents\visual studio 2013\projects\lia\lia\debug\imagepanel.obj
c:\users\x220\documents\visual studio 2013\projects\lia\lia\generatedfiles\ui_lia.h
c:\users\x220\documents\visual studio 2013\projects\lia\lia\generatedfiles\debug\moc_uploadimagedialog.cpp
c:\users\x220\documents\visual studio 2013\projects\lia\lia\generatedfiles\debug\moc_newfolderdialog.cpp
c:\users\x220\documents\visual studio 2013\projects\lia\lia\generatedfiles\debug\moc_importprojectdialog.cpp
c:\users\x220\documents\visual studio 2013\projects\lia\lia\generatedfiles\debug\moc_projectview.cpp
c:\users\x220\documents\visual studio 2013\projects\lia\lia\generatedfiles\debug\moc_newprojectdialog.cpp
c:\users\x220\documents\visual studio 2013\projects\lia\lia\generatedfiles\debug\moc_abstractview.cpp
c:\users\x220\documents\visual studio 2013\projects\lia\lia\generatedfiles\debug\moc_folderview.cpp
c:\users\x220\documents\visual studio 2013\projects\lia\lia\generatedfiles\debug\moc_homeview.cpp
c:\users\x220\documents\visual studio 2013\projects\lia\lia\generatedfiles\debug\moc_mainwindow.cpp
c:\users\x220\documents\visual studio 2013\projects\lia\lia\generatedfiles\qrc_lia.cpp
c:\users\x220\documents\visual studio 2013\projects\lia\lia\generatedfiles\debug\moc_imageview.cpp
c:\users\x220\documents\visual studio 2013\projects\lia\win32\debug\lia.ilk
c:\users\x220\documents\visual studio 2013\projects\lia\win32\debug\lia.exe
c:\users\x220\documents\visual studio 2013\projects\lia\win32\debug\lia.pdb
c:\users\x220\documents\visual studio 2013\projects\lia\lia\debug\lia.tlog\cl.command.1.tlog
c:\users\x220\documents\visual studio 2013\projects\lia\lia\debug\lia.tlog\cl.read.1.tlog
c:\users\x220\documents\visual studio 2013\projects\lia\lia\debug\lia.tlog\cl.write.1.tlog
c:\users\x220\documents\visual studio 2013\projects\lia\lia\debug\lia.tlog\custombuild.command.1.tlog
c:\users\x220\documents\visual studio 2013\projects\lia\lia\debug\lia.tlog\custombuild.read.1.tlog
c:\users\x220\documents\visual studio 2013\projects\lia\lia\debug\lia.tlog\custombuild.write.1.tlog
c:\users\x220\documents\visual studio 2013\projects\lia\lia\debug\lia.tlog\link.command.1.tlog
c:\users\x220\documents\visual studio 2013\projects\lia\lia\debug\lia.tlog\link.read.1.tlog
c:\users\x220\documents\visual studio 2013\projects\lia\lia\debug\lia.tlog\link.write.1.tlog
