Build started 16/5/2558 5:12:02.
     1>Project "C:\Users\X220\Documents\Visual Studio 2013\Projects\LIA\LIA\LIA.vcxproj" on node 2 (Build target(s)).
     1>ClCompile:
         C:\Program Files (x86)\Microsoft Visual Studio 12.0\VC\bin\CL.exe /c /IC:\OpenCV2410\opencv\build\include /I.\GeneratedFiles /I. /IC:\Qt\Qt5.4.1\5.4\msvc2013\include /I.\GeneratedFiles\Debug /IC:\Qt\Qt5.4.1\5.4\msvc2013\include\QtCore /IC:\Qt\Qt5.4.1\5.4\msvc2013\include\QtGui /IC:\Qt\Qt5.4.1\5.4\msvc2013\include\QtWidgets /Zi /nologo /W1 /WX- /Od /Oy- /D UNICODE /D WIN32 /D WIN64 /D QT_DLL /D QT_CORE_LIB /D QT_GUI_LIB /D QT_WIDGETS_LIB /Gm- /EHsc /MDd /GS /fp:precise /Zc:wchar_t /Zc:forScope /Fo"Debug\\" /Fd"Debug\vc120.pdb" /Gd /TP /analyze- /errorReport:prompt main.cpp
         main.cpp
       Link:
         C:\Program Files (x86)\Microsoft Visual Studio 12.0\VC\bin\link.exe /ERRORREPORT:PROMPT /OUT:"C:\Users\X220\Documents\Visual Studio 2013\Projects\LIA\Win32\Debug\\LIA.exe" /NOLOGO /LIBPATH:C:\OpenCV2410\opencv\build\x86\vc12\lib /LIBPATH:C:\Qt\Qt5.4.1\5.4\msvc2013\lib qtmaind.lib Qt5Cored.lib Qt5Guid.lib Qt5Widgetsd.lib opencv_calib3d2410d.lib opencv_contrib2410d.lib opencv_core2410d.lib opencv_features2d2410d.lib opencv_flann2410d.lib opencv_gpu2410d.lib opencv_highgui2410d.lib opencv_imgproc2410d.lib opencv_legacy2410d.lib opencv_ml2410d.lib opencv_nonfree2410d.lib opencv_objdetect2410d.lib opencv_ocl2410d.lib opencv_photo2410d.lib opencv_stitching2410d.lib opencv_superres2410d.lib opencv_ts2410d.lib opencv_video2410d.lib opencv_videostab2410d.lib kernel32.lib user32.lib gdi32.lib winspool.lib comdlg32.lib advapi32.lib shell32.lib ole32.lib oleaut32.lib uuid.lib odbc32.lib odbccp32.lib /MANIFEST /MANIFESTUAC:"level='asInvoker' uiAccess='false'" /manifest:embed /DEBUG /PDB:"C:\Users\X220\Documents\Visual Studio 2013\Projects\LIA\Win32\Debug\LIA.pdb" /SUBSYSTEM:WINDOWS /TLBID:1 /DYNAMICBASE /NXCOMPAT /IMPLIB:"C:\Users\X220\Documents\Visual Studio 2013\Projects\LIA\Win32\Debug\LIA.lib" /MACHINE:X86 /SAFESEH Debug\abstractview.obj
         Debug\dataimage.obj
         Debug\dummywidget.obj
         Debug\editablemode.obj
         Debug\fatdata.obj
         Debug\fatoption.obj
         Debug\fatprocessor.obj
         Debug\fibrosisdata.obj
         Debug\fibrosisfeatures.obj
         Debug\fibrosisprocessor.obj
         Debug\filemanager.obj
         Debug\folder.obj
         Debug\folderview.obj
         Debug\moc_abstractview.obj
         Debug\moc_dummywidget.obj
         Debug\moc_folderview.obj
         Debug\moc_homeview.obj
         Debug\moc_imagepanel.obj
         Debug\moc_imageview.obj
         Debug\moc_importprojectdialog.obj
         Debug\moc_mainwindow.obj
         Debug\moc_newfolderdialog.obj
         Debug\moc_newprojectdialog.obj
         Debug\moc_projectview.obj
         Debug\moc_uploadimagedialog.obj
         Debug\qrc_lia.obj
         Debug\homeview.obj
         Debug\imagehelper.obj
         Debug\imagemode.obj
         Debug\imagepanel.obj
         Debug\imageview.obj
         Debug\importprojectdialog.obj
         Debug\main.obj
         Debug\mainwindow.obj
         Debug\manager.obj
         Debug\newfolderdialog.obj
         Debug\newprojectdialog.obj
         Debug\originalmode.obj
         Debug\processedmode.obj
         Debug\project.obj
         Debug\projectview.obj
         Debug\stringhelper.obj
         Debug\uploadimagedialog.obj
         LIA.vcxproj -> C:\Users\X220\Documents\Visual Studio 2013\Projects\LIA\Win32\Debug\LIA.exe
     1>Done Building Project "C:\Users\X220\Documents\Visual Studio 2013\Projects\LIA\LIA\LIA.vcxproj" (Build target(s)).

Build succeeded.

Time Elapsed 00:00:02.60
